2022-01-11 12:07:54,157 [INFO] com.project.sparktea.SparkTea {restartedMain} Starting SparkTea using Java 17 on DESKTOP-UA4NF1D with PID 15944 (D:\REVATURE\projects\sparktea\backend\target\classes started by Jose in D:\REVATURE\projects\sparktea\backend)
2022-01-11 12:07:54,162 [INFO] com.project.sparktea.SparkTea {restartedMain} No active profile set, falling back to default profiles: default
2022-01-11 12:07:54,236 [INFO] org.springframework.boot.devtools.env.DevToolsPropertyDefaultsPostProcessor {restartedMain} Devtools property defaults active! Set 'spring.devtools.add-properties' to 'false' to disable
2022-01-11 12:07:54,236 [INFO] org.springframework.boot.devtools.env.DevToolsPropertyDefaultsPostProcessor {restartedMain} For additional web related logging consider setting the 'logging.level.web' property to 'DEBUG'
2022-01-11 12:07:55,754 [INFO] org.springframework.data.repository.config.RepositoryConfigurationDelegate {restartedMain} Bootstrapping Spring Data JPA repositories in DEFAULT mode.
2022-01-11 12:07:55,839 [INFO] org.springframework.data.repository.config.RepositoryConfigurationDelegate {restartedMain} Finished Spring Data repository scanning in 66 ms. Found 3 JPA repository interfaces.
2022-01-11 12:07:56,552 [INFO] org.springframework.boot.web.embedded.tomcat.TomcatWebServer {restartedMain} Tomcat initialized with port(s): 7070 (http)
2022-01-11 12:07:56,563 [INFO] org.apache.catalina.core.StandardService {restartedMain} Starting service [Tomcat]
2022-01-11 12:07:56,564 [INFO] org.apache.catalina.core.StandardEngine {restartedMain} Starting Servlet engine: [Apache Tomcat/9.0.56]
2022-01-11 12:07:56,675 [INFO] org.apache.catalina.core.ContainerBase.[Tomcat].[localhost].[/] {restartedMain} Initializing Spring embedded WebApplicationContext
2022-01-11 12:07:56,675 [INFO] org.springframework.boot.web.servlet.context.ServletWebServerApplicationContext {restartedMain} Root WebApplicationContext: initialization completed in 2438 ms
2022-01-11 12:07:56,970 [INFO] org.hibernate.jpa.internal.util.LogHelper {restartedMain} HHH000204: Processing PersistenceUnitInfo [name: default]
2022-01-11 12:07:57,056 [INFO] org.hibernate.Version {restartedMain} HHH000412: Hibernate ORM core version 5.6.3.Final
2022-01-11 12:07:57,298 [INFO] org.hibernate.annotations.common.Version {restartedMain} HCANN000001: Hibernate Commons Annotations {5.1.2.Final}
2022-01-11 12:07:57,426 [INFO] com.zaxxer.hikari.HikariDataSource {restartedMain} HikariPool-1 - Starting...
2022-01-11 12:07:58,155 [INFO] com.zaxxer.hikari.HikariDataSource {restartedMain} HikariPool-1 - Start completed.
2022-01-11 12:07:58,184 [INFO] org.hibernate.dialect.Dialect {restartedMain} HHH000400: Using dialect: org.hibernate.dialect.PostgreSQLDialect
2022-01-11 12:07:59,471 [INFO] org.hibernate.engine.transaction.jta.platform.internal.JtaPlatformInitiator {restartedMain} HHH000490: Using JtaPlatform implementation: [org.hibernate.engine.transaction.jta.platform.internal.NoJtaPlatform]
2022-01-11 12:07:59,503 [INFO] org.springframework.orm.jpa.LocalContainerEntityManagerFactoryBean {restartedMain} Initialized JPA EntityManagerFactory for persistence unit 'default'
2022-01-11 12:07:59,973 [WARN] org.springframework.boot.autoconfigure.orm.jpa.JpaBaseConfiguration$JpaWebConfiguration {restartedMain} spring.jpa.open-in-view is enabled by default. Therefore, database queries may be performed during view rendering. Explicitly configure spring.jpa.open-in-view to disable this warning
2022-01-11 12:08:00,601 [INFO] org.springframework.boot.devtools.autoconfigure.OptionalLiveReloadServer {restartedMain} LiveReload server is running on port 35729
2022-01-11 12:08:00,610 [INFO] org.springframework.boot.actuate.endpoint.web.EndpointLinksResolver {restartedMain} Exposing 1 endpoint(s) beneath base path '/actuator'
2022-01-11 12:08:00,668 [INFO] org.springframework.boot.web.embedded.tomcat.TomcatWebServer {restartedMain} Tomcat started on port(s): 7070 (http) with context path ''
2022-01-11 12:08:00,684 [INFO] com.project.sparktea.SparkTea {restartedMain} Started SparkTea in 7.032 seconds (JVM running for 8.257)
2022-01-11 12:08:01,272 [INFO] org.apache.catalina.core.ContainerBase.[Tomcat].[localhost].[/] {RMI TCP Connection(3)-127.0.0.1} Initializing Spring DispatcherServlet 'dispatcherServlet'
2022-01-11 12:08:01,272 [INFO] org.springframework.web.servlet.DispatcherServlet {RMI TCP Connection(3)-127.0.0.1} Initializing Servlet 'dispatcherServlet'
2022-01-11 12:08:01,274 [INFO] org.springframework.web.servlet.DispatcherServlet {RMI TCP Connection(3)-127.0.0.1} Completed initialization in 1 ms
2022-01-11 12:17:34,713 [INFO] com.project.sparktea.controllers.UserJPAResource {http-nio-7070-exec-4} star
2022-01-11 14:25:56,715 [INFO] com.project.sparktea.controllers.UserJPAResource {http-nio-7070-exec-7} star
2022-01-11 15:22:24,102 [INFO] org.springframework.orm.jpa.LocalContainerEntityManagerFactoryBean {Thread-5} Closing JPA EntityManagerFactory for persistence unit 'default'
2022-01-11 15:22:24,115 [INFO] com.zaxxer.hikari.HikariDataSource {Thread-5} HikariPool-1 - Shutdown initiated...
2022-01-11 15:22:24,122 [INFO] com.zaxxer.hikari.HikariDataSource {Thread-5} HikariPool-1 - Shutdown completed.
2022-01-11 15:22:24,254 [INFO] com.project.sparktea.SparkTea {restartedMain} Home method accessed
2022-01-11 15:22:24,292 [INFO] com.project.sparktea.SparkTea {restartedMain} Starting SparkTea using Java 17 on DESKTOP-UA4NF1D with PID 15944 (D:\REVATURE\projects\sparktea\backend\target\classes started by Jose in D:\REVATURE\projects\sparktea\backend)
2022-01-11 15:22:24,292 [INFO] com.project.sparktea.SparkTea {restartedMain} No active profile set, falling back to default profiles: default
2022-01-11 15:22:24,658 [INFO] org.springframework.data.repository.config.RepositoryConfigurationDelegate {restartedMain} Bootstrapping Spring Data JPA repositories in DEFAULT mode.
2022-01-11 15:22:24,671 [INFO] org.springframework.data.repository.config.RepositoryConfigurationDelegate {restartedMain} Finished Spring Data repository scanning in 13 ms. Found 3 JPA repository interfaces.
2022-01-11 15:22:24,819 [INFO] org.springframework.boot.web.embedded.tomcat.TomcatWebServer {restartedMain} Tomcat initialized with port(s): 7070 (http)
2022-01-11 15:22:24,820 [INFO] org.apache.catalina.core.StandardService {restartedMain} Starting service [Tomcat]
2022-01-11 15:22:24,820 [INFO] org.apache.catalina.core.StandardEngine {restartedMain} Starting Servlet engine: [Apache Tomcat/9.0.56]
2022-01-11 15:22:24,849 [INFO] org.apache.catalina.core.ContainerBase.[Tomcat].[localhost].[/] {restartedMain} Initializing Spring embedded WebApplicationContext
2022-01-11 15:22:24,849 [INFO] org.springframework.boot.web.servlet.context.ServletWebServerApplicationContext {restartedMain} Root WebApplicationContext: initialization completed in 554 ms
2022-01-11 15:22:24,924 [INFO] org.hibernate.jpa.internal.util.LogHelper {restartedMain} HHH000204: Processing PersistenceUnitInfo [name: default]
2022-01-11 15:22:24,931 [INFO] com.zaxxer.hikari.HikariDataSource {restartedMain} HikariPool-2 - Starting...
2022-01-11 15:22:25,248 [INFO] com.zaxxer.hikari.HikariDataSource {restartedMain} HikariPool-2 - Start completed.
2022-01-11 15:22:25,249 [INFO] org.hibernate.dialect.Dialect {restartedMain} HHH000400: Using dialect: org.hibernate.dialect.PostgreSQLDialect
2022-01-11 15:22:25,525 [INFO] org.hibernate.engine.transaction.jta.platform.internal.JtaPlatformInitiator {restartedMain} HHH000490: Using JtaPlatform implementation: [org.hibernate.engine.transaction.jta.platform.internal.NoJtaPlatform]
2022-01-11 15:22:25,526 [INFO] org.springframework.orm.jpa.LocalContainerEntityManagerFactoryBean {restartedMain} Initialized JPA EntityManagerFactory for persistence unit 'default'
2022-01-11 15:22:25,666 [WARN] org.springframework.boot.autoconfigure.orm.jpa.JpaBaseConfiguration$JpaWebConfiguration {restartedMain} spring.jpa.open-in-view is enabled by default. Therefore, database queries may be performed during view rendering. Explicitly configure spring.jpa.open-in-view to disable this warning
2022-01-11 15:22:25,852 [INFO] org.springframework.boot.devtools.autoconfigure.OptionalLiveReloadServer {restartedMain} LiveReload server is running on port 35729
2022-01-11 15:22:25,855 [INFO] org.springframework.boot.actuate.endpoint.web.EndpointLinksResolver {restartedMain} Exposing 1 endpoint(s) beneath base path '/actuator'
2022-01-11 15:22:25,872 [INFO] org.springframework.boot.web.embedded.tomcat.TomcatWebServer {restartedMain} Tomcat started on port(s): 7070 (http) with context path ''
2022-01-11 15:22:25,883 [INFO] com.project.sparktea.SparkTea {restartedMain} Started SparkTea in 1.623 seconds (JVM running for 11673.457)
2022-01-11 15:22:25,887 [INFO] org.springframework.boot.devtools.autoconfigure.ConditionEvaluationDeltaLoggingListener {restartedMain} Condition evaluation unchanged
2022-01-11 15:22:37,586 [INFO] org.springframework.orm.jpa.LocalContainerEntityManagerFactoryBean {Thread-7} Closing JPA EntityManagerFactory for persistence unit 'default'
2022-01-11 15:22:37,587 [INFO] com.zaxxer.hikari.HikariDataSource {Thread-7} HikariPool-2 - Shutdown initiated...
2022-01-11 15:22:37,594 [INFO] com.zaxxer.hikari.HikariDataSource {Thread-7} HikariPool-2 - Shutdown completed.
2022-01-11 15:22:37,646 [INFO] com.project.sparktea.SparkTea {restartedMain} Home method accessed
2022-01-11 15:22:37,688 [INFO] com.project.sparktea.SparkTea {restartedMain} Starting SparkTea using Java 17 on DESKTOP-UA4NF1D with PID 15944 (D:\REVATURE\projects\sparktea\backend\target\classes started by Jose in D:\REVATURE\projects\sparktea\backend)
2022-01-11 15:22:37,688 [INFO] com.project.sparktea.SparkTea {restartedMain} No active profile set, falling back to default profiles: default
2022-01-11 15:22:38,002 [INFO] org.springframework.data.repository.config.RepositoryConfigurationDelegate {restartedMain} Bootstrapping Spring Data JPA repositories in DEFAULT mode.
2022-01-11 15:22:38,017 [INFO] org.springframework.data.repository.config.RepositoryConfigurationDelegate {restartedMain} Finished Spring Data repository scanning in 14 ms. Found 3 JPA repository interfaces.
2022-01-11 15:22:38,128 [INFO] org.springframework.boot.web.embedded.tomcat.TomcatWebServer {restartedMain} Tomcat initialized with port(s): 7070 (http)
2022-01-11 15:22:38,129 [INFO] org.apache.catalina.core.StandardService {restartedMain} Starting service [Tomcat]
2022-01-11 15:22:38,129 [INFO] org.apache.catalina.core.StandardEngine {restartedMain} Starting Servlet engine: [Apache Tomcat/9.0.56]
2022-01-11 15:22:38,153 [INFO] org.apache.catalina.core.ContainerBase.[Tomcat].[localhost].[/] {restartedMain} Initializing Spring embedded WebApplicationContext
2022-01-11 15:22:38,153 [INFO] org.springframework.boot.web.servlet.context.ServletWebServerApplicationContext {restartedMain} Root WebApplicationContext: initialization completed in 462 ms
2022-01-11 15:22:38,220 [INFO] org.hibernate.jpa.internal.util.LogHelper {restartedMain} HHH000204: Processing PersistenceUnitInfo [name: default]
2022-01-11 15:22:38,224 [INFO] com.zaxxer.hikari.HikariDataSource {restartedMain} HikariPool-3 - Starting...
2022-01-11 15:22:38,567 [INFO] com.zaxxer.hikari.HikariDataSource {restartedMain} HikariPool-3 - Start completed.
2022-01-11 15:22:38,568 [INFO] org.hibernate.dialect.Dialect {restartedMain} HHH000400: Using dialect: org.hibernate.dialect.PostgreSQLDialect
2022-01-11 15:22:38,813 [INFO] org.hibernate.engine.transaction.jta.platform.internal.JtaPlatformInitiator {restartedMain} HHH000490: Using JtaPlatform implementation: [org.hibernate.engine.transaction.jta.platform.internal.NoJtaPlatform]
2022-01-11 15:22:38,813 [INFO] org.springframework.orm.jpa.LocalContainerEntityManagerFactoryBean {restartedMain} Initialized JPA EntityManagerFactory for persistence unit 'default'
2022-01-11 15:22:38,921 [WARN] org.springframework.boot.autoconfigure.orm.jpa.JpaBaseConfiguration$JpaWebConfiguration {restartedMain} spring.jpa.open-in-view is enabled by default. Therefore, database queries may be performed during view rendering. Explicitly configure spring.jpa.open-in-view to disable this warning
2022-01-11 15:22:39,063 [INFO] org.springframework.boot.devtools.autoconfigure.OptionalLiveReloadServer {restartedMain} LiveReload server is running on port 35729
2022-01-11 15:22:39,065 [INFO] org.springframework.boot.actuate.endpoint.web.EndpointLinksResolver {restartedMain} Exposing 1 endpoint(s) beneath base path '/actuator'
2022-01-11 15:22:39,086 [INFO] org.springframework.boot.web.embedded.tomcat.TomcatWebServer {restartedMain} Tomcat started on port(s): 7070 (http) with context path ''
2022-01-11 15:22:39,098 [INFO] com.project.sparktea.SparkTea {restartedMain} Started SparkTea in 1.444 seconds (JVM running for 11686.672)
2022-01-11 15:22:39,100 [INFO] org.springframework.boot.devtools.autoconfigure.ConditionEvaluationDeltaLoggingListener {restartedMain} Condition evaluation unchanged
2022-01-11 15:22:41,558 [INFO] org.springframework.orm.jpa.LocalContainerEntityManagerFactoryBean {Thread-11} Closing JPA EntityManagerFactory for persistence unit 'default'
2022-01-11 15:22:41,559 [INFO] com.zaxxer.hikari.HikariDataSource {Thread-11} HikariPool-3 - Shutdown initiated...
2022-01-11 15:22:41,564 [INFO] com.zaxxer.hikari.HikariDataSource {Thread-11} HikariPool-3 - Shutdown completed.
2022-01-11 15:22:41,617 [INFO] com.project.sparktea.SparkTea {restartedMain} Home method accessed
2022-01-11 15:22:41,648 [INFO] com.project.sparktea.SparkTea {restartedMain} Starting SparkTea using Java 17 on DESKTOP-UA4NF1D with PID 15944 (D:\REVATURE\projects\sparktea\backend\target\classes started by Jose in D:\REVATURE\projects\sparktea\backend)
2022-01-11 15:22:41,648 [INFO] com.project.sparktea.SparkTea {restartedMain} No active profile set, falling back to default profiles: default
2022-01-11 15:22:41,904 [INFO] org.springframework.data.repository.config.RepositoryConfigurationDelegate {restartedMain} Bootstrapping Spring Data JPA repositories in DEFAULT mode.
2022-01-11 15:22:41,917 [INFO] org.springframework.data.repository.config.RepositoryConfigurationDelegate {restartedMain} Finished Spring Data repository scanning in 13 ms. Found 3 JPA repository interfaces.
2022-01-11 15:22:42,006 [INFO] org.springframework.boot.web.embedded.tomcat.TomcatWebServer {restartedMain} Tomcat initialized with port(s): 7070 (http)
2022-01-11 15:22:42,007 [INFO] org.apache.catalina.core.StandardService {restartedMain} Starting service [Tomcat]
2022-01-11 15:22:42,007 [INFO] org.apache.catalina.core.StandardEngine {restartedMain} Starting Servlet engine: [Apache Tomcat/9.0.56]
2022-01-11 15:22:42,038 [INFO] org.apache.catalina.core.ContainerBase.[Tomcat].[localhost].[/] {restartedMain} Initializing Spring embedded WebApplicationContext
2022-01-11 15:22:42,038 [INFO] org.springframework.boot.web.servlet.context.ServletWebServerApplicationContext {restartedMain} Root WebApplicationContext: initialization completed in 388 ms
2022-01-11 15:22:42,099 [INFO] org.hibernate.jpa.internal.util.LogHelper {restartedMain} HHH000204: Processing PersistenceUnitInfo [name: default]
2022-01-11 15:22:42,104 [INFO] com.zaxxer.hikari.HikariDataSource {restartedMain} HikariPool-4 - Starting...
2022-01-11 15:22:42,419 [INFO] com.zaxxer.hikari.HikariDataSource {restartedMain} HikariPool-4 - Start completed.
2022-01-11 15:22:42,421 [INFO] org.hibernate.dialect.Dialect {restartedMain} HHH000400: Using dialect: org.hibernate.dialect.PostgreSQLDialect
2022-01-11 15:22:42,656 [INFO] org.hibernate.engine.transaction.jta.platform.internal.JtaPlatformInitiator {restartedMain} HHH000490: Using JtaPlatform implementation: [org.hibernate.engine.transaction.jta.platform.internal.NoJtaPlatform]
2022-01-11 15:22:42,657 [INFO] org.springframework.orm.jpa.LocalContainerEntityManagerFactoryBean {restartedMain} Initialized JPA EntityManagerFactory for persistence unit 'default'
2022-01-11 15:22:42,791 [WARN] org.springframework.boot.autoconfigure.orm.jpa.JpaBaseConfiguration$JpaWebConfiguration {restartedMain} spring.jpa.open-in-view is enabled by default. Therefore, database queries may be performed during view rendering. Explicitly configure spring.jpa.open-in-view to disable this warning
2022-01-11 15:22:42,932 [INFO] org.springframework.boot.devtools.autoconfigure.OptionalLiveReloadServer {restartedMain} LiveReload server is running on port 35729
2022-01-11 15:22:42,937 [INFO] org.springframework.boot.actuate.endpoint.web.EndpointLinksResolver {restartedMain} Exposing 1 endpoint(s) beneath base path '/actuator'
2022-01-11 15:22:42,955 [INFO] org.springframework.boot.web.embedded.tomcat.TomcatWebServer {restartedMain} Tomcat started on port(s): 7070 (http) with context path ''
2022-01-11 15:22:42,965 [INFO] com.project.sparktea.SparkTea {restartedMain} Started SparkTea in 1.342 seconds (JVM running for 11690.539)
2022-01-11 15:22:42,968 [INFO] org.springframework.boot.devtools.autoconfigure.ConditionEvaluationDeltaLoggingListener {restartedMain} Condition evaluation unchanged
2022-01-11 15:26:53,160 [INFO] org.apache.catalina.core.ContainerBase.[Tomcat].[localhost].[/] {http-nio-7070-exec-1} Initializing Spring DispatcherServlet 'dispatcherServlet'
2022-01-11 15:26:53,160 [INFO] org.springframework.web.servlet.DispatcherServlet {http-nio-7070-exec-1} Initializing Servlet 'dispatcherServlet'
2022-01-11 15:26:53,162 [INFO] org.springframework.web.servlet.DispatcherServlet {http-nio-7070-exec-1} Completed initialization in 2 ms
2022-01-11 15:27:19,620 [INFO] com.project.sparktea.controllers.UserJPAResource {http-nio-7070-exec-5} star
2022-01-11 15:28:49,888 [INFO] com.project.sparktea.controllers.UserJPAResource {http-nio-7070-exec-10} star
2022-01-11 15:33:11,387 [INFO] org.springframework.orm.jpa.LocalContainerEntityManagerFactoryBean {Thread-15} Closing JPA EntityManagerFactory for persistence unit 'default'
2022-01-11 15:33:11,388 [INFO] com.zaxxer.hikari.HikariDataSource {Thread-15} HikariPool-4 - Shutdown initiated...
2022-01-11 15:33:11,393 [INFO] com.zaxxer.hikari.HikariDataSource {Thread-15} HikariPool-4 - Shutdown completed.
2022-01-11 15:33:11,445 [INFO] com.project.sparktea.SparkTea {restartedMain} Home method accessed
2022-01-11 15:33:11,485 [INFO] com.project.sparktea.SparkTea {restartedMain} Starting SparkTea using Java 17 on DESKTOP-UA4NF1D with PID 15944 (D:\REVATURE\projects\sparktea\backend\target\classes started by Jose in D:\REVATURE\projects\sparktea\backend)
2022-01-11 15:33:11,485 [INFO] com.project.sparktea.SparkTea {restartedMain} No active profile set, falling back to default profiles: default
2022-01-11 15:33:11,751 [INFO] org.springframework.data.repository.config.RepositoryConfigurationDelegate {restartedMain} Bootstrapping Spring Data JPA repositories in DEFAULT mode.
2022-01-11 15:33:11,764 [INFO] org.springframework.data.repository.config.RepositoryConfigurationDelegate {restartedMain} Finished Spring Data repository scanning in 11 ms. Found 3 JPA repository interfaces.
2022-01-11 15:33:11,861 [INFO] org.springframework.boot.web.embedded.tomcat.TomcatWebServer {restartedMain} Tomcat initialized with port(s): 7070 (http)
2022-01-11 15:33:11,862 [INFO] org.apache.catalina.core.StandardService {restartedMain} Starting service [Tomcat]
2022-01-11 15:33:11,862 [INFO] org.apache.catalina.core.StandardEngine {restartedMain} Starting Servlet engine: [Apache Tomcat/9.0.56]
2022-01-11 15:33:11,888 [INFO] org.apache.catalina.core.ContainerBase.[Tomcat].[localhost].[/] {restartedMain} Initializing Spring embedded WebApplicationContext
2022-01-11 15:33:11,888 [INFO] org.springframework.boot.web.servlet.context.ServletWebServerApplicationContext {restartedMain} Root WebApplicationContext: initialization completed in 400 ms
2022-01-11 15:33:11,949 [INFO] org.hibernate.jpa.internal.util.LogHelper {restartedMain} HHH000204: Processing PersistenceUnitInfo [name: default]
2022-01-11 15:33:11,953 [INFO] com.zaxxer.hikari.HikariDataSource {restartedMain} HikariPool-5 - Starting...
2022-01-11 15:33:12,316 [INFO] com.zaxxer.hikari.HikariDataSource {restartedMain} HikariPool-5 - Start completed.
2022-01-11 15:33:12,316 [INFO] org.hibernate.dialect.Dialect {restartedMain} HHH000400: Using dialect: org.hibernate.dialect.PostgreSQLDialect
2022-01-11 15:33:12,575 [INFO] org.hibernate.engine.transaction.jta.platform.internal.JtaPlatformInitiator {restartedMain} HHH000490: Using JtaPlatform implementation: [org.hibernate.engine.transaction.jta.platform.internal.NoJtaPlatform]
2022-01-11 15:33:12,576 [INFO] org.springframework.orm.jpa.LocalContainerEntityManagerFactoryBean {restartedMain} Initialized JPA EntityManagerFactory for persistence unit 'default'
2022-01-11 15:33:12,712 [WARN] org.springframework.boot.autoconfigure.orm.jpa.JpaBaseConfiguration$JpaWebConfiguration {restartedMain} spring.jpa.open-in-view is enabled by default. Therefore, database queries may be performed during view rendering. Explicitly configure spring.jpa.open-in-view to disable this warning
2022-01-11 15:33:12,901 [INFO] org.springframework.boot.devtools.autoconfigure.OptionalLiveReloadServer {restartedMain} LiveReload server is running on port 35729
2022-01-11 15:33:12,908 [INFO] org.springframework.boot.actuate.endpoint.web.EndpointLinksResolver {restartedMain} Exposing 1 endpoint(s) beneath base path '/actuator'
2022-01-11 15:33:12,927 [INFO] org.springframework.boot.web.embedded.tomcat.TomcatWebServer {restartedMain} Tomcat started on port(s): 7070 (http) with context path ''
2022-01-11 15:33:12,938 [INFO] com.project.sparktea.SparkTea {restartedMain} Started SparkTea in 1.486 seconds (JVM running for 12320.512)
2022-01-11 15:33:12,942 [INFO] org.springframework.boot.devtools.autoconfigure.ConditionEvaluationDeltaLoggingListener {restartedMain} Condition evaluation unchanged
2022-01-11 15:33:22,630 [INFO] org.springframework.orm.jpa.LocalContainerEntityManagerFactoryBean {Thread-19} Closing JPA EntityManagerFactory for persistence unit 'default'
2022-01-11 15:33:22,631 [INFO] com.zaxxer.hikari.HikariDataSource {Thread-19} HikariPool-5 - Shutdown initiated...
2022-01-11 15:33:22,637 [INFO] com.zaxxer.hikari.HikariDataSource {Thread-19} HikariPool-5 - Shutdown completed.
2022-01-11 15:33:22,687 [INFO] com.project.sparktea.SparkTea {restartedMain} Home method accessed
2022-01-11 15:33:22,718 [INFO] com.project.sparktea.SparkTea {restartedMain} Starting SparkTea using Java 17 on DESKTOP-UA4NF1D with PID 15944 (D:\REVATURE\projects\sparktea\backend\target\classes started by Jose in D:\REVATURE\projects\sparktea\backend)
2022-01-11 15:33:22,718 [INFO] com.project.sparktea.SparkTea {restartedMain} No active profile set, falling back to default profiles: default
2022-01-11 15:33:22,994 [INFO] org.springframework.data.repository.config.RepositoryConfigurationDelegate {restartedMain} Bootstrapping Spring Data JPA repositories in DEFAULT mode.
2022-01-11 15:33:23,008 [INFO] org.springframework.data.repository.config.RepositoryConfigurationDelegate {restartedMain} Finished Spring Data repository scanning in 14 ms. Found 3 JPA repository interfaces.
2022-01-11 15:33:23,096 [INFO] org.springframework.boot.web.embedded.tomcat.TomcatWebServer {restartedMain} Tomcat initialized with port(s): 7070 (http)
2022-01-11 15:33:23,096 [INFO] org.apache.catalina.core.StandardService {restartedMain} Starting service [Tomcat]
2022-01-11 15:33:23,096 [INFO] org.apache.catalina.core.StandardEngine {restartedMain} Starting Servlet engine: [Apache Tomcat/9.0.56]
2022-01-11 15:33:23,123 [INFO] org.apache.catalina.core.ContainerBase.[Tomcat].[localhost].[/] {restartedMain} Initializing Spring embedded WebApplicationContext
2022-01-11 15:33:23,123 [INFO] org.springframework.boot.web.servlet.context.ServletWebServerApplicationContext {restartedMain} Root WebApplicationContext: initialization completed in 403 ms
2022-01-11 15:33:23,184 [INFO] org.hibernate.jpa.internal.util.LogHelper {restartedMain} HHH000204: Processing PersistenceUnitInfo [name: default]
2022-01-11 15:33:23,188 [INFO] com.zaxxer.hikari.HikariDataSource {restartedMain} HikariPool-6 - Starting...
2022-01-11 15:33:23,468 [INFO] com.zaxxer.hikari.HikariDataSource {restartedMain} HikariPool-6 - Start completed.
2022-01-11 15:33:23,469 [INFO] org.hibernate.dialect.Dialect {restartedMain} HHH000400: Using dialect: org.hibernate.dialect.PostgreSQLDialect
2022-01-11 15:33:23,714 [INFO] org.hibernate.engine.transaction.jta.platform.internal.JtaPlatformInitiator {restartedMain} HHH000490: Using JtaPlatform implementation: [org.hibernate.engine.transaction.jta.platform.internal.NoJtaPlatform]
2022-01-11 15:33:23,714 [INFO] org.springframework.orm.jpa.LocalContainerEntityManagerFactoryBean {restartedMain} Initialized JPA EntityManagerFactory for persistence unit 'default'
2022-01-11 15:33:23,890 [WARN] org.springframework.boot.autoconfigure.orm.jpa.JpaBaseConfiguration$JpaWebConfiguration {restartedMain} spring.jpa.open-in-view is enabled by default. Therefore, database queries may be performed during view rendering. Explicitly configure spring.jpa.open-in-view to disable this warning
2022-01-11 15:33:24,024 [INFO] org.springframework.boot.devtools.autoconfigure.OptionalLiveReloadServer {restartedMain} LiveReload server is running on port 35729
2022-01-11 15:33:24,026 [INFO] org.springframework.boot.actuate.endpoint.web.EndpointLinksResolver {restartedMain} Exposing 1 endpoint(s) beneath base path '/actuator'
2022-01-11 15:33:24,045 [INFO] org.springframework.boot.web.embedded.tomcat.TomcatWebServer {restartedMain} Tomcat started on port(s): 7070 (http) with context path ''
2022-01-11 15:33:24,056 [INFO] com.project.sparktea.SparkTea {restartedMain} Started SparkTea in 1.363 seconds (JVM running for 12331.629)
2022-01-11 15:33:24,058 [INFO] org.springframework.boot.devtools.autoconfigure.ConditionEvaluationDeltaLoggingListener {restartedMain} Condition evaluation unchanged
2022-01-11 15:33:27,580 [INFO] org.springframework.orm.jpa.LocalContainerEntityManagerFactoryBean {Thread-23} Closing JPA EntityManagerFactory for persistence unit 'default'
2022-01-11 15:33:27,581 [INFO] com.zaxxer.hikari.HikariDataSource {Thread-23} HikariPool-6 - Shutdown initiated...
2022-01-11 15:33:27,587 [INFO] com.zaxxer.hikari.HikariDataSource {Thread-23} HikariPool-6 - Shutdown completed.
2022-01-11 15:33:27,642 [INFO] com.project.sparktea.SparkTea {restartedMain} Home method accessed
2022-01-11 15:33:27,669 [INFO] com.project.sparktea.SparkTea {restartedMain} Starting SparkTea using Java 17 on DESKTOP-UA4NF1D with PID 15944 (D:\REVATURE\projects\sparktea\backend\target\classes started by Jose in D:\REVATURE\projects\sparktea\backend)
2022-01-11 15:33:27,669 [INFO] com.project.sparktea.SparkTea {restartedMain} No active profile set, falling back to default profiles: default
2022-01-11 15:33:27,911 [INFO] org.springframework.data.repository.config.RepositoryConfigurationDelegate {restartedMain} Bootstrapping Spring Data JPA repositories in DEFAULT mode.
2022-01-11 15:33:27,924 [INFO] org.springframework.data.repository.config.RepositoryConfigurationDelegate {restartedMain} Finished Spring Data repository scanning in 13 ms. Found 3 JPA repository interfaces.
2022-01-11 15:33:28,001 [INFO] org.springframework.boot.web.embedded.tomcat.TomcatWebServer {restartedMain} Tomcat initialized with port(s): 7070 (http)
2022-01-11 15:33:28,002 [INFO] org.apache.catalina.core.StandardService {restartedMain} Starting service [Tomcat]
2022-01-11 15:33:28,002 [INFO] org.apache.catalina.core.StandardEngine {restartedMain} Starting Servlet engine: [Apache Tomcat/9.0.56]
2022-01-11 15:33:28,025 [INFO] org.apache.catalina.core.ContainerBase.[Tomcat].[localhost].[/] {restartedMain} Initializing Spring embedded WebApplicationContext
2022-01-11 15:33:28,025 [INFO] org.springframework.boot.web.servlet.context.ServletWebServerApplicationContext {restartedMain} Root WebApplicationContext: initialization completed in 354 ms
2022-01-11 15:33:28,081 [INFO] org.hibernate.jpa.internal.util.LogHelper {restartedMain} HHH000204: Processing PersistenceUnitInfo [name: default]
2022-01-11 15:33:28,084 [INFO] com.zaxxer.hikari.HikariDataSource {restartedMain} HikariPool-7 - Starting...
2022-01-11 15:33:28,497 [INFO] com.zaxxer.hikari.HikariDataSource {restartedMain} HikariPool-7 - Start completed.
2022-01-11 15:33:28,498 [INFO] org.hibernate.dialect.Dialect {restartedMain} HHH000400: Using dialect: org.hibernate.dialect.PostgreSQLDialect
2022-01-11 15:33:28,754 [INFO] org.hibernate.engine.transaction.jta.platform.internal.JtaPlatformInitiator {restartedMain} HHH000490: Using JtaPlatform implementation: [org.hibernate.engine.transaction.jta.platform.internal.NoJtaPlatform]
2022-01-11 15:33:28,755 [INFO] org.springframework.orm.jpa.LocalContainerEntityManagerFactoryBean {restartedMain} Initialized JPA EntityManagerFactory for persistence unit 'default'
2022-01-11 15:33:28,850 [WARN] org.springframework.boot.autoconfigure.orm.jpa.JpaBaseConfiguration$JpaWebConfiguration {restartedMain} spring.jpa.open-in-view is enabled by default. Therefore, database queries may be performed during view rendering. Explicitly configure spring.jpa.open-in-view to disable this warning
2022-01-11 15:33:28,991 [INFO] org.springframework.boot.devtools.autoconfigure.OptionalLiveReloadServer {restartedMain} LiveReload server is running on port 35729
2022-01-11 15:33:28,994 [INFO] org.springframework.boot.actuate.endpoint.web.EndpointLinksResolver {restartedMain} Exposing 1 endpoint(s) beneath base path '/actuator'
2022-01-11 15:33:29,008 [INFO] org.springframework.boot.web.embedded.tomcat.TomcatWebServer {restartedMain} Tomcat started on port(s): 7070 (http) with context path ''
2022-01-11 15:33:29,019 [INFO] com.project.sparktea.SparkTea {restartedMain} Started SparkTea in 1.372 seconds (JVM running for 12336.592)
2022-01-11 15:33:29,020 [INFO] org.springframework.boot.devtools.autoconfigure.ConditionEvaluationDeltaLoggingListener {restartedMain} Condition evaluation unchanged
2022-01-11 15:34:01,535 [INFO] org.apache.catalina.core.ContainerBase.[Tomcat].[localhost].[/] {http-nio-7070-exec-1} Initializing Spring DispatcherServlet 'dispatcherServlet'
2022-01-11 15:34:01,535 [INFO] org.springframework.web.servlet.DispatcherServlet {http-nio-7070-exec-1} Initializing Servlet 'dispatcherServlet'
2022-01-11 15:34:01,536 [INFO] org.springframework.web.servlet.DispatcherServlet {http-nio-7070-exec-1} Completed initialization in 1 ms
2022-01-11 15:34:17,761 [INFO] com.project.sparktea.controllers.UserJPAResource {http-nio-7070-exec-2} star
2022-01-11 15:56:36,890 [INFO] com.project.sparktea.controllers.UserJPAResource {http-nio-7070-exec-7} star
2022-01-11 16:31:28,748 [INFO] com.project.sparktea.controllers.UserJPAResource {http-nio-7070-exec-2} star
2022-01-11 17:57:36,656 [INFO] org.springframework.orm.jpa.LocalContainerEntityManagerFactoryBean {Thread-27} Closing JPA EntityManagerFactory for persistence unit 'default'
2022-01-11 17:57:36,662 [INFO] com.zaxxer.hikari.HikariDataSource {Thread-27} HikariPool-7 - Shutdown initiated...
2022-01-11 17:57:36,670 [INFO] com.zaxxer.hikari.HikariDataSource {Thread-27} HikariPool-7 - Shutdown completed.
2022-01-11 17:57:36,829 [INFO] com.project.sparktea.SparkTea {restartedMain} Home method accessed
2022-01-11 17:57:36,892 [INFO] com.project.sparktea.SparkTea {restartedMain} Starting SparkTea using Java 17 on DESKTOP-UA4NF1D with PID 15944 (D:\REVATURE\projects\sparktea\backend\target\classes started by Jose in D:\REVATURE\projects\sparktea\backend)
2022-01-11 17:57:36,892 [INFO] com.project.sparktea.SparkTea {restartedMain} No active profile set, falling back to default profiles: default
2022-01-11 17:57:37,226 [INFO] org.springframework.data.repository.config.RepositoryConfigurationDelegate {restartedMain} Bootstrapping Spring Data JPA repositories in DEFAULT mode.
2022-01-11 17:57:37,240 [INFO] org.springframework.data.repository.config.RepositoryConfigurationDelegate {restartedMain} Finished Spring Data repository scanning in 13 ms. Found 3 JPA repository interfaces.
2022-01-11 17:57:37,383 [INFO] org.springframework.boot.web.embedded.tomcat.TomcatWebServer {restartedMain} Tomcat initialized with port(s): 7070 (http)
2022-01-11 17:57:37,384 [INFO] org.apache.catalina.core.StandardService {restartedMain} Starting service [Tomcat]
2022-01-11 17:57:37,384 [INFO] org.apache.catalina.core.StandardEngine {restartedMain} Starting Servlet engine: [Apache Tomcat/9.0.56]
2022-01-11 17:57:37,409 [INFO] org.apache.catalina.core.ContainerBase.[Tomcat].[localhost].[/] {restartedMain} Initializing Spring embedded WebApplicationContext
2022-01-11 17:57:37,409 [INFO] org.springframework.boot.web.servlet.context.ServletWebServerApplicationContext {restartedMain} Root WebApplicationContext: initialization completed in 514 ms
2022-01-11 17:57:37,494 [INFO] org.hibernate.jpa.internal.util.LogHelper {restartedMain} HHH000204: Processing PersistenceUnitInfo [name: default]
2022-01-11 17:57:37,498 [INFO] com.zaxxer.hikari.HikariDataSource {restartedMain} HikariPool-8 - Starting...
2022-01-11 17:57:37,813 [INFO] com.zaxxer.hikari.HikariDataSource {restartedMain} HikariPool-8 - Start completed.
2022-01-11 17:57:37,814 [INFO] org.hibernate.dialect.Dialect {restartedMain} HHH000400: Using dialect: org.hibernate.dialect.PostgreSQLDialect
2022-01-11 17:57:38,029 [INFO] org.hibernate.engine.transaction.jta.platform.internal.JtaPlatformInitiator {restartedMain} HHH000490: Using JtaPlatform implementation: [org.hibernate.engine.transaction.jta.platform.internal.NoJtaPlatform]
2022-01-11 17:57:38,030 [INFO] org.springframework.orm.jpa.LocalContainerEntityManagerFactoryBean {restartedMain} Initialized JPA EntityManagerFactory for persistence unit 'default'
2022-01-11 17:57:38,157 [WARN] org.springframework.boot.autoconfigure.orm.jpa.JpaBaseConfiguration$JpaWebConfiguration {restartedMain} spring.jpa.open-in-view is enabled by default. Therefore, database queries may be performed during view rendering. Explicitly configure spring.jpa.open-in-view to disable this warning
2022-01-11 17:57:38,352 [INFO] org.springframework.boot.devtools.autoconfigure.OptionalLiveReloadServer {restartedMain} LiveReload server is running on port 35729
2022-01-11 17:57:38,356 [INFO] org.springframework.boot.actuate.endpoint.web.EndpointLinksResolver {restartedMain} Exposing 1 endpoint(s) beneath base path '/actuator'
2022-01-11 17:57:38,376 [INFO] org.springframework.boot.web.embedded.tomcat.TomcatWebServer {restartedMain} Tomcat started on port(s): 7070 (http) with context path ''
2022-01-11 17:57:38,387 [INFO] com.project.sparktea.SparkTea {restartedMain} Started SparkTea in 1.547 seconds (JVM running for 20985.961)
2022-01-11 17:57:38,390 [INFO] org.springframework.boot.devtools.autoconfigure.ConditionEvaluationDeltaLoggingListener {restartedMain} Condition evaluation unchanged
